<?xml version="1.0" encoding="UTF-8"?>
<testsuite xmlns:xsi="http://www.w3.org/2001/XMLSchema-instance" xsi:noNamespaceSchemaLocation="https://maven.apache.org/surefire/maven-surefire-plugin/xsd/surefire-test-report-3.0.xsd" version="3.0" name="com.icai.practicas.controller.ProcessControllerTest" time="3.849" tests="2" errors="0" skipped="0" failures="0">
  <properties>
[...]
</properties>
  <testcase name="app_responds_correctly_when_given_correct_dataset_legacy" classname="com.icai.practicas.controller.ProcessControllerTest" time="0.233">
    <system-out><![CDATA[12:25:22.022 [main] DEBUG org.springframework.test.context.BootstrapUtils - Instantiating CacheAwareContextLoaderDelegate from class [org.springframework.test.context.cache.DefaultCacheAwareContextLoaderDelegate]
12:25:22.031 [main] DEBUG org.springframework.test.context.BootstrapUtils - Instantiating BootstrapContext using constructor [public org.springframework.test.context.support.DefaultBootstrapContext(java.lang.Class,org.springframework.test.context.CacheAwareContextLoaderDelegate)]
12:25:22.064 [main] DEBUG org.springframework.test.context.BootstrapUtils - Instantiating TestContextBootstrapper for test class [com.icai.practicas.controller.ProcessControllerTest] from class [org.springframework.boot.test.context.SpringBootTestContextBootstrapper]
12:25:22.074 [main] INFO org.springframework.boot.test.context.SpringBootTestContextBootstrapper - Neither @ContextConfiguration nor @ContextHierarchy found for test class [com.icai.practicas.controller.ProcessControllerTest], using SpringBootContextLoader
12:25:22.077 [main] DEBUG org.springframework.test.context.support.AbstractContextLoader - Did not detect default resource location for test class [com.icai.practicas.controller.ProcessControllerTest]: class path resource [com/icai/practicas/controller/ProcessControllerTest-context.xml] does not exist
12:25:22.077 [main] DEBUG org.springframework.test.context.support.AbstractContextLoader - Did not detect default resource location for test class [com.icai.practicas.controller.ProcessControllerTest]: class path resource [com/icai/practicas/controller/ProcessControllerTestContext.groovy] does not exist
12:25:22.077 [main] INFO org.springframework.test.context.support.AbstractContextLoader - Could not detect default resource locations for test class [com.icai.practicas.controller.ProcessControllerTest]: no resource found for suffixes {-context.xml, Context.groovy}.
12:25:22.078 [main] INFO org.springframework.test.context.support.AnnotationConfigContextLoaderUtils - Could not detect default configuration classes for test class [com.icai.practicas.controller.ProcessControllerTest]: ProcessControllerTest does not declare any static, non-private, non-final, nested classes annotated with @Configuration.
12:25:22.132 [main] DEBUG org.springframework.test.context.support.ActiveProfilesUtils - Could not find an 'annotation declaring class' for annotation type [org.springframework.test.context.ActiveProfiles] and class [com.icai.practicas.controller.ProcessControllerTest]
12:25:22.208 [main] DEBUG org.springframework.context.annotation.ClassPathScanningCandidateComponentProvider - Identified candidate component class: file [C:\Users\ailwx\Desktop\SEGUNDO TRIMESTRE\PROGRAMACIÓN\Practica6\PAT-PRACTICA-6\target\classes\com\icai\practicas\MainApplication.class]
12:25:22.209 [main] INFO org.springframework.boot.test.context.SpringBootTestContextBootstrapper - Found @SpringBootConfiguration com.icai.practicas.MainApplication for test class com.icai.practicas.controller.ProcessControllerTest
12:25:22.308 [main] DEBUG org.springframework.boot.test.context.SpringBootTestContextBootstrapper - @TestExecutionListeners is not present for class [com.icai.practicas.controller.ProcessControllerTest]: using defaults.
12:25:22.309 [main] INFO org.springframework.boot.test.context.SpringBootTestContextBootstrapper - Loaded default TestExecutionListener class names from location [META-INF/spring.factories]: [org.springframework.boot.test.mock.mockito.MockitoTestExecutionListener, org.springframework.boot.test.mock.mockito.ResetMocksTestExecutionListener, org.springframework.boot.test.autoconfigure.restdocs.RestDocsTestExecutionListener, org.springframework.boot.test.autoconfigure.web.client.MockRestServiceServerResetTestExecutionListener, org.springframework.boot.test.autoconfigure.web.servlet.MockMvcPrintOnlyOnFailureTestExecutionListener, org.springframework.boot.test.autoconfigure.web.servlet.WebDriverTestExecutionListener, org.springframework.boot.test.autoconfigure.webservices.client.MockWebServiceServerTestExecutionListener, org.springframework.test.context.web.ServletTestExecutionListener, org.springframework.test.context.support.DirtiesContextBeforeModesTestExecutionListener, org.springframework.test.context.event.ApplicationEventsTestExecutionListener, org.springframework.test.context.support.DependencyInjectionTestExecutionListener, org.springframework.test.context.support.DirtiesContextTestExecutionListener, org.springframework.test.context.transaction.TransactionalTestExecutionListener, org.springframework.test.context.jdbc.SqlScriptsTestExecutionListener, org.springframework.test.context.event.EventPublishingTestExecutionListener]
12:25:22.320 [main] DEBUG org.springframework.boot.test.context.SpringBootTestContextBootstrapper - Skipping candidate TestExecutionListener [org.springframework.test.context.transaction.TransactionalTestExecutionListener] due to a missing dependency. Specify custom listener classes or make the default listener classes and their required dependencies available. Offending class: [org/springframework/transaction/interceptor/TransactionAttributeSource]
12:25:22.320 [main] DEBUG org.springframework.boot.test.context.SpringBootTestContextBootstrapper - Skipping candidate TestExecutionListener [org.springframework.test.context.jdbc.SqlScriptsTestExecutionListener] due to a missing dependency. Specify custom listener classes or make the default listener classes and their required dependencies available. Offending class: [org/springframework/transaction/interceptor/TransactionAttribute]
12:25:22.321 [main] INFO org.springframework.boot.test.context.SpringBootTestContextBootstrapper - Using TestExecutionListeners: [org.springframework.test.context.web.ServletTestExecutionListener@7dda48d9, org.springframework.test.context.support.DirtiesContextBeforeModesTestExecutionListener@6e4566f1, org.springframework.test.context.event.ApplicationEventsTestExecutionListener@4b6e2263, org.springframework.boot.test.mock.mockito.MockitoTestExecutionListener@344f4dea, org.springframework.boot.test.autoconfigure.SpringBootDependencyInjectionTestExecutionListener@1b7c473a, org.springframework.test.context.support.DirtiesContextTestExecutionListener@5e4bd84a, org.springframework.test.context.event.EventPublishingTestExecutionListener@648c94da, org.springframework.boot.test.mock.mockito.ResetMocksTestExecutionListener@2a62b5bc, org.springframework.boot.test.autoconfigure.restdocs.RestDocsTestExecutionListener@53de625d, org.springframework.boot.test.autoconfigure.web.client.MockRestServiceServerResetTestExecutionListener@535779e4, org.springframework.boot.test.autoconfigure.web.servlet.MockMvcPrintOnlyOnFailureTestExecutionListener@53fd0d10, org.springframework.boot.test.autoconfigure.web.servlet.WebDriverTestExecutionListener@6c0d9d86, org.springframework.boot.test.autoconfigure.webservices.client.MockWebServiceServerTestExecutionListener@4ce1d6d0]
12:25:22.325 [main] DEBUG org.springframework.test.context.support.AbstractDirtiesContextTestExecutionListener - Before test class: context [DefaultTestContext@25aca718 testClass = ProcessControllerTest, testInstance = [null], testMethod = [null], testException = [null], mergedContextConfiguration = [WebMergedContextConfiguration@16fdec90 testClass = ProcessControllerTest, locations = '{}', classes = '{class com.icai.practicas.MainApplication}', contextInitializerClasses = '[]', activeProfiles = '{}', propertySourceLocations = '{}', propertySourceProperties = '{org.springframework.boot.test.context.SpringBootTestContextBootstrapper=true, server.port=0}', contextCustomizers = set[org.springframework.boot.test.context.filter.ExcludeFilterContextCustomizer@45099dd3, org.springframework.boot.test.json.DuplicateJsonObjectContextCustomizerFactory$DuplicateJsonObjectContextCustomizer@6574a52c, org.springframework.boot.test.mock.mockito.MockitoContextCustomizer@347c4373, org.springframework.boot.test.web.client.TestRestTemplateContextCustomizer@173ed316, org.springframework.boot.test.autoconfigure.actuate.metrics.MetricsExportContextCustomizerFactory$DisableMetricExportContextCustomizer@563f38c4, org.springframework.boot.test.autoconfigure.properties.PropertyMappingContextCustomizer@0, org.springframework.boot.test.autoconfigure.web.servlet.WebDriverContextCustomizerFactory$Customizer@79e4c792, org.springframework.boot.test.context.SpringBootTestArgs@1, org.springframework.boot.test.context.SpringBootTestWebEnvironment@22eeefeb], resourceBasePath = 'src/main/webapp', contextLoader = 'org.springframework.boot.test.context.SpringBootContextLoader', parent = [null]], attributes = map['org.springframework.test.context.web.ServletTestExecutionListener.activateListener' -> false]], class annotated with @DirtiesContext [false] with mode [null].

  .   ____          _            __ _ _
 /\\ / ___'_ __ _ _(_)_ __  __ _ \ \ \ \
( ( )\___ | '_ | '_| | '_ \/ _` | \ \ \ \
 \\/  ___)| |_)| | | | | || (_| |  ) ) ) )
  '  |____| .__|_| |_|_| |_\__, | / / / /
 =========|_|==============|___/=/_/_/_/
 :: Spring Boot ::                (v2.6.4)

2022-04-02 12:25:22.682  INFO 22184 --- [           main] c.i.p.controller.ProcessControllerTest   : Starting ProcessControllerTest using Java 17 on DESKTOP-LO8GSBT with PID 22184 (started by ailwx in C:\Users\ailwx\Desktop\SEGUNDO TRIMESTRE\PROGRAMACIÓN\Practica6\PAT-PRACTICA-6)
2022-04-02 12:25:22.683 DEBUG 22184 --- [           main] c.i.p.controller.ProcessControllerTest   : Running with Spring Boot v2.6.4, Spring v5.3.16
2022-04-02 12:25:22.683  INFO 22184 --- [           main] c.i.p.controller.ProcessControllerTest   : No active profile set, falling back to 1 default profile: "default"
2022-04-02 12:25:24.422  INFO 22184 --- [           main] o.s.b.w.embedded.tomcat.TomcatWebServer  : Tomcat initialized with port(s): 0 (http)
2022-04-02 12:25:24.434  INFO 22184 --- [           main] o.apache.catalina.core.StandardService   : Starting service [Tomcat]
2022-04-02 12:25:24.434  INFO 22184 --- [           main] org.apache.catalina.core.StandardEngine  : Starting Servlet engine: [Apache Tomcat/9.0.58]
2022-04-02 12:25:24.540  INFO 22184 --- [           main] o.a.c.c.C.[Tomcat].[localhost].[/]       : Initializing Spring embedded WebApplicationContext
2022-04-02 12:25:24.541  INFO 22184 --- [           main] w.s.c.ServletWebServerApplicationContext : Root WebApplicationContext: initialization completed in 1835 ms
2022-04-02 12:25:25.043  INFO 22184 --- [           main] o.s.b.a.w.s.WelcomePageHandlerMapping    : Adding welcome page: class path resource [static/index.html]
2022-04-02 12:25:25.324  INFO 22184 --- [           main] o.s.b.w.embedded.tomcat.TomcatWebServer  : Tomcat started on port(s): 56427 (http) with context path ''
2022-04-02 12:25:25.332  INFO 22184 --- [           main] c.i.p.controller.ProcessControllerTest   : Started ProcessControllerTest in 2.961 seconds (JVM running for 3.876)
2022-04-02 12:25:25.475  INFO 22184 --- [o-auto-1-exec-1] o.a.c.c.C.[Tomcat].[localhost].[/]       : Initializing Spring DispatcherServlet 'dispatcherServlet'
2022-04-02 12:25:25.475  INFO 22184 --- [o-auto-1-exec-1] o.s.web.servlet.DispatcherServlet        : Initializing Servlet 'dispatcherServlet'
2022-04-02 12:25:25.476  INFO 22184 --- [o-auto-1-exec-1] o.s.web.servlet.DispatcherServlet        : Completed initialization in 1 ms
]]></system-out>
  </testcase>
  <testcase name="app_responds_correctly_when_given_correct_dataset" classname="com.icai.practicas.controller.ProcessControllerTest" time="0.222"/>
</testsuite>